0 info it worked if it ends with ok
1 verbose cli [ '/Users/pcanterini/.nvm/versions/node/v4.2.2/bin/node',
1 verbose cli   '/Users/pcanterini/.nvm/versions/node/v4.2.2/bin/npm',
1 verbose cli   'run',
1 verbose cli   'serve' ]
2 info using npm@3.4.0
3 info using node@v4.2.2
4 verbose run-script [ 'preserve', 'serve', 'postserve' ]
5 info lifecycle simple-react@1.0.0~preserve: simple-react@1.0.0
6 silly lifecycle simple-react@1.0.0~preserve: no script for preserve, continuing
7 info lifecycle simple-react@1.0.0~serve: simple-react@1.0.0
8 verbose lifecycle simple-react@1.0.0~serve: unsafe-perm in lifecycle true
9 verbose lifecycle simple-react@1.0.0~serve: PATH: /Users/pcanterini/.nvm/versions/node/v4.2.2/lib/node_modules/npm/bin/node-gyp-bin:/Users/pcanterini/projects/simple-react/node_modules/.bin:/Users/pcanterini/.nvm/versions/node/v4.2.2/lib/node_modules/npm/bin/node-gyp-bin:/Users/pcanterini/projects/simple-react/node_modules/.bin:/Users/pcanterini/.nvm/versions/node/v4.2.2/bin:/Users/pedrocanterini/.rvm/gems/ruby-1.9.3-p484/bin:/Users/pedrocanterini/.rvm/gems/ruby-1.9.3-p484@global/bin:/Users/pedrocanterini/.rvm/rubies/ruby-1.9.3-p484/bin:/usr/bin:/bin:/usr/sbin:/sbin:/usr/local/bin:/Users/pedrocanterini/.rvm/bin
10 verbose lifecycle simple-react@1.0.0~serve: CWD: /Users/pcanterini/projects/simple-react
11 silly lifecycle simple-react@1.0.0~serve: Args: [ '-c', 'serve public' ]
12 silly lifecycle simple-react@1.0.0~serve: Returned: code: 1  signal: null
13 info lifecycle simple-react@1.0.0~serve: Failed to exec serve script
14 verbose stack Error: simple-react@1.0.0 serve: `serve public`
14 verbose stack Exit status 1
14 verbose stack     at EventEmitter.<anonymous> (/Users/pcanterini/.nvm/versions/node/v4.2.2/lib/node_modules/npm/lib/utils/lifecycle.js:232:16)
14 verbose stack     at emitTwo (events.js:87:13)
14 verbose stack     at EventEmitter.emit (events.js:172:7)
14 verbose stack     at ChildProcess.<anonymous> (/Users/pcanterini/.nvm/versions/node/v4.2.2/lib/node_modules/npm/lib/utils/spawn.js:24:14)
14 verbose stack     at emitTwo (events.js:87:13)
14 verbose stack     at ChildProcess.emit (events.js:172:7)
14 verbose stack     at maybeClose (internal/child_process.js:818:16)
14 verbose stack     at Process.ChildProcess._handle.onexit (internal/child_process.js:211:5)
15 verbose pkgid simple-react@1.0.0
16 verbose cwd /Users/pcanterini/projects/simple-react
17 error Darwin 15.2.0
18 error argv "/Users/pcanterini/.nvm/versions/node/v4.2.2/bin/node" "/Users/pcanterini/.nvm/versions/node/v4.2.2/bin/npm" "run" "serve"
19 error node v4.2.2
20 error npm  v3.4.0
21 error code ELIFECYCLE
22 error simple-react@1.0.0 serve: `serve public`
22 error Exit status 1
23 error Failed at the simple-react@1.0.0 serve script 'serve public'.
23 error Make sure you have the latest version of node.js and npm installed.
23 error If you do, this is most likely a problem with the simple-react package,
23 error not with npm itself.
23 error Tell the author that this fails on your system:
23 error     serve public
23 error You can get their info via:
23 error     npm owner ls simple-react
23 error There is likely additional logging output above.
24 verbose exit [ 1, true ]
